    Finished `test` profile [unoptimized + debuginfo] target(s) in 0.55s
     Running unittests src\lib.rs (target\debug\deps\tauri_appapex_security_auditor_lib-130b75e1e7a08ed1.exe)

running 5 tests
test ai::tests::test_build_prompt ... ok
test ai::tests::test_provider_type_parsing ... ok
test ai::tests::test_llm_config_defaults ... ok
test ai::tests::test_is_configured ... FAILED
test ai::tests::test_is_local ... FAILED

failures:

---- ai::tests::test_is_configured stdout ----

thread 'ai::tests::test_is_configured' (15564) panicked at src\ai.rs:556:9:
assertion failed: !config.is_configured()
note: run with `RUST_BACKTRACE=1` environment variable to display a backtrace

---- ai::tests::test_is_local stdout ----

thread 'ai::tests::test_is_local' (2764) panicked at src\ai.rs:547:9:
assertion failed: !config.is_local()


failures:
    ai::tests::test_is_configured
    ai::tests::test_is_local

test result: FAILED. 3 passed; 2 failed; 0 ignored; 0 measured; 0 filtered out; finished in 0.00s

error: test failed, to rerun pass `--lib`
